生成启动时间为 2014-7-20 12:18:40。
     1>项目“E:\lib\stasm4.1.0\vc10\minimal.vcxproj”在节点 2 上(build 个目标)。
     1>InitializeBuildStatus:
         正在对“Debug\minimal.unsuccessfulbuild”执行 Touch 任务。
       ClCompile:
         D:\Microsoft Visual Studio 10.0\VC\bin\CL.exe /c /IE:\lib\opencv_247\build\include /I../stasm /ZI /nologo /W3 /WX- /Od /Oy- /D WIN32 /D _DEBUG /D _CONSOLE /D _UNICODE /D UNICODE /Gm /EHsc /RTC1 /MDd /GS /fp:precise /Zc:wchar_t /Zc:forScope /Fo"Debug\\" /Fd"Debug\vc100.pdb" /Gd /TP /analyze- /errorReport:prompt ..\apps\minimal.cpp
         minimal.cpp
     1>e:\lib\stasm4.1.0\apps\minimal.cpp(37): warning C4996: 'fopen': This function or variable may be unsafe. Consider using fopen_s instead. To disable deprecation, use _CRT_SECURE_NO_WARNINGS. See online help for details.
                 d:\microsoft visual studio 10.0\vc\include\stdio.h(234) : 参见“fopen”的声明
     1>e:\lib\stasm4.1.0\apps\minimal.cpp(48): warning C4996: 'sprintf': This function or variable may be unsafe. Consider using sprintf_s instead. To disable deprecation, use _CRT_SECURE_NO_WARNINGS. See online help for details.
                 d:\microsoft visual studio 10.0\vc\include\stdio.h(371) : 参见“sprintf”的声明
       ManifestResourceCompile:
         所有输出均为最新。
       Link:
         D:\Microsoft Visual Studio 10.0\VC\bin\link.exe /ERRORREPORT:PROMPT /OUT:"E:\lib\stasm4.1.0\vc10\\minimal.exe" /INCREMENTAL /NOLOGO E:/lib/opencv_247/build/x86/vc10/lib/opencv_core247d.lib E:/lib/opencv_247/build/x86/vc10/lib/opencv_highgui247d.lib E:/lib/opencv_247/build/x86/vc10/lib/opencv_imgproc247d.lib E:/lib/opencv_247/build/x86/vc10/lib/opencv_objdetect247d.lib /MANIFEST /ManifestFile:"Debug\minimal.exe.intermediate.manifest" /MANIFESTUAC:"level='asInvoker' uiAccess='false'" /DEBUG /PDB:"E:\lib\stasm4.1.0\vc10\minimal.pdb" /SUBSYSTEM:CONSOLE /TLBID:1 /DYNAMICBASE /NXCOMPAT /IMPLIB:"E:\lib\stasm4.1.0\vc10\\minimal.lib" /MACHINE:X86 Debug\minimal.exe.embed.manifest.res
         Debug\minimal.obj
         Debug\asm.obj
         Debug\classicdesc.obj
         Debug\convshape.obj
         Debug\err.obj
         Debug\eyedet.obj
         Debug\eyedist.obj
         Debug\faceroi.obj
         Debug\hat.obj
         Debug\hatdesc.obj
         Debug\landmarks.obj
         Debug\misc.obj
         Debug\facedet.obj
         Debug\initasm.obj
         Debug\pinstart.obj
         Debug\print.obj
         Debug\shape17.obj
         Debug\shapehacks.obj
         Debug\shapemod.obj
         Debug\startshape.obj
         Debug\stasm.obj
         Debug\stasm_lib.obj
       Manifest:
         C:\Program Files\Microsoft SDKs\Windows\v7.0A\bin\mt.exe /nologo /verbose /out:"Debug\minimal.exe.embed.manifest" /manifest Debug\minimal.exe.intermediate.manifest
         所有输出均为最新。
       LinkEmbedManifest:
         所有输出均为最新。
         minimal.vcxproj -> E:\lib\stasm4.1.0\vc10\\minimal.exe
       FinalizeBuildStatus:
         正在删除文件“Debug\minimal.unsuccessfulbuild”。
         正在对“Debug\minimal.lastbuildstate”执行 Touch 任务。
     1>已完成生成项目“E:\lib\stasm4.1.0\vc10\minimal.vcxproj”(build 个目标)的操作。

生成成功。

已用时间 00:00:03.73
